+b 30
Breakpoint 1 at 0x401528: file c:\Users\Aashish Sharma\OneDrive\Desktop\Introduction To C\Advanced\fpc-advanced-classroom-1st-year-assignment-xdDuge-1\set02\problem05.c, line 30.
+r
Starting program: c:\Users\Aashish Sharma\OneDrive\Desktop\Introduction To C\Advanced\fpc-advanced-classroom-1st-year-assignment-xdDuge-1\set02/./problem05.exe 
[New Thread 25764.0x3924]
[New Thread 25764.0x2ca4]

Breakpoint 1, find_gcd (a=12, b=23)
    at c:\Users\Aashish Sharma\OneDrive\Desktop\Introduction To C\Advanced\fpc-advanced-classroom-1st-year-assignment-xdDuge-1\set02\problem05.c:31
warning: Source file is more recent than executable.
31	        
+print hcf
$1 = 1
+n
32	   }
+n
main () at c:\Users\Aashish Sharma\OneDrive\Desktop\Introduction To C\Advanced\fpc-advanced-classroom-1st-year-assignment-xdDuge-1\set02\problem05.c:14
14	    output(a,b,gcd);
+n
15	}
+n
0x00401288 in __register_frame_info ()
+finish
Run till exit from #0  0x00401288 in __register_frame_info ()
[Inferior 1 (process 25764) exited normally]
+q
