+l
warning: Source file is more recent than executable.
8	
9	Fraction input_fraction();
10	int find_gcd(int a, int b);
11	Fraction add_fractions(Fraction f1, Fraction f2);
12	void output(Fraction f1, Fraction f2, Fraction sum);
13	
14	int main()
15	{
16	    Fraction f1,f2,sum;
17	    f1 = input_fraction();
+l
18	    f2 = input_fraction();
19	    sum = add_fractions(f1,f2);
20	    output(f1,f2,sum);
21	}
22	
23	Fraction input_fraction()
24	{
25	    Fraction f1;
26	    printf("Enter numerator: \n");
27	    scanf("%d",&f1.num);
+l
28	    printf("Enter denominator: \n");
29	    scanf("%d",&f1.den);
30	    return f1;
31	}
32	
33	int find_gcd(int a, int b)
34	{
35	    int hcf;
36	    for(int i=1;i<=a && i<=b;i++)
37	    {
+l
38	        if(a%i == 0 && b%i == 0)
39	        {
40	            hcf=i;
41	        }
42	    }
43	    return hcf;
44	}
45	
46	Fraction add_fractions(Fraction f1, Fraction f2)
47	{
+l
48	    int hcf;
49	    Fraction sum;
50	
51	    sum.num = (f1.num*f2.den) + (f2.num * f1.den);
52	    sum.den = (f1.den*f2.den);
53	    hcf = find_gcd(sum.num,sum.den);
54	    sum.num = sum.num/hcf;
55	    sum.den = sum.den/hcf;
56	    return sum;
57	}
+l
58	
59	void output(Fraction f1, Fraction f2, Fraction sum)
60	{
61	    printf("The sum of %d/%d & %d/%d is %d/%d.",f1.num,f1.den,f2.num,f2.den,sum.num,sum.den);
62	}
+b 56
Breakpoint 1 at 0x4015d8: file c:\Users\Aashish Sharma\OneDrive\Desktop\Introduction To C\Advanced\fpc-advanced-classroom-1st-year-assignment-xdDuge-1\set04\problem07.c, line 56.
+r
Starting program: c:\Users\Aashish Sharma\OneDrive\Desktop\Introduction To C\Advanced\fpc-advanced-classroom-1st-year-assignment-xdDuge-1\set04/./problem07.exe 
[New Thread 11620.0x4630]
[New Thread 11620.0x1300]

Breakpoint 1, add_fractions (f1=..., f2=...)
    at c:\Users\Aashish Sharma\OneDrive\Desktop\Introduction To C\Advanced\fpc-advanced-classroom-1st-year-assignment-xdDuge-1\set04\problem07.c:56
56	    return sum;
+print sum.num
$1 = 153
+print f2.num
$2 = 24
+print hcf
$3 = 8
+n
57	}
+n
main () at c:\Users\Aashish Sharma\OneDrive\Desktop\Introduction To C\Advanced\fpc-advanced-classroom-1st-year-assignment-xdDuge-1\set04\problem07.c:20
20	    output(f1,f2,sum);
+n
21	}
+n
0x00401288 in __register_frame_info ()
+n
Single stepping until exit from function __register_frame_info,
which has no line number information.
0x0040128a in __register_frame_info ()
+finish
Run till exit from #0  0x0040128a in __register_frame_info ()
[Inferior 1 (process 11620) exited normally]
+q
