+b 22
Breakpoint 1 at 0x4014c7: file c:\Users\Aashish Sharma\OneDrive\Desktop\Introduction To C\Advanced\fpc-advanced-classroom-1st-year-assignment-xdDuge-1\set03\problem04.c, line 22.
+b 33
Breakpoint 2 at 0x401560: file c:\Users\Aashish Sharma\OneDrive\Desktop\Introduction To C\Advanced\fpc-advanced-classroom-1st-year-assignment-xdDuge-1\set03\problem04.c, line 33.
+r
Starting program: c:\Users\Aashish Sharma\OneDrive\Desktop\Introduction To C\Advanced\fpc-advanced-classroom-1st-year-assignment-xdDuge-1\set03/./problem04.exe 
[New Thread 22588.0xf30]
[New Thread 22588.0x66f0]

Breakpoint 1, input ()
    at c:\Users\Aashish Sharma\OneDrive\Desktop\Introduction To C\Advanced\fpc-advanced-classroom-1st-year-assignment-xdDuge-1\set03\problem04.c:22
22	    return n;
+print n
$1 = 12
+r
The program being debugged has been started already.
Start it from the beginning? (y or n) Program not restarted.
+n
23	}
+n
main () at c:\Users\Aashish Sharma\OneDrive\Desktop\Introduction To C\Advanced\fpc-advanced-classroom-1st-year-assignment-xdDuge-1\set03\problem04.c:13
13	    fibo=find_fibo(n);
+n

Breakpoint 2, find_fibo (n=12)
    at c:\Users\Aashish Sharma\OneDrive\Desktop\Introduction To C\Advanced\fpc-advanced-classroom-1st-year-assignment-xdDuge-1\set03\problem04.c:33
33	    return a[n];
+print a[0]
$2 = 0
+print a[1]
$3 = 1
