+b 57
Breakpoint 1 at 0x4016b1: file c:\Users\Aashish Sharma\OneDrive\Desktop\Introduction To C\Advanced\fpc-advanced-classroom-1st-year-assignment-xdDuge-1\set05\problem08.c, line 57.
+b 69
Breakpoint 2 at 0x4016f4: file c:\Users\Aashish Sharma\OneDrive\Desktop\Introduction To C\Advanced\fpc-advanced-classroom-1st-year-assignment-xdDuge-1\set05\problem08.c, line 69.
+r
Starting program: c:\Users\Aashish Sharma\OneDrive\Desktop\Introduction To C\Advanced\fpc-advanced-classroom-1st-year-assignment-xdDuge-1\set05/./problem08.exe 
[New Thread 5140.0x11ac]
[New Thread 5140.0x2fcc]

Breakpoint 1, find_camel_weight (n=2, c=0x61feac)
    at c:\Users\Aashish Sharma\OneDrive\Desktop\Introduction To C\Advanced\fpc-advanced-classroom-1st-year-assignment-xdDuge-1\set05\problem08.c:58
warning: Source file is more recent than executable.
58	}
+print c[0].weight
$1 = 492.499146
+print c[1].weight
$2 = 5902.07373
+n
main () at c:\Users\Aashish Sharma\OneDrive\Desktop\Introduction To C\Advanced\fpc-advanced-classroom-1st-year-assignment-xdDuge-1\set05\problem08.c:33
33	    weight = compute_total_weight(n,c,truck);
+n

Breakpoint 2, compute_total_weight (n=2, c=0x61feac, truck_weight=1)
    at c:\Users\Aashish Sharma\OneDrive\Desktop\Introduction To C\Advanced\fpc-advanced-classroom-1st-year-assignment-xdDuge-1\set05\problem08.c:69
69	}
+print tot_weight
$3 = 6395.57275
+n
main () at c:\Users\Aashish Sharma\OneDrive\Desktop\Introduction To C\Advanced\fpc-advanced-classroom-1st-year-assignment-xdDuge-1\set05\problem08.c:34
34	    output(weight);
+n
35	}
+n
0x00401288 in __register_frame_info ()
+finish
Run till exit from #0  0x00401288 in __register_frame_info ()
[Inferior 1 (process 5140) exited normally]
+q
